#
# There is insufficient memory for the Java Runtime Environment to continue.
# Native memory allocation (malloc) failed to allocate 1136336 bytes for Chunk::new
# Possible reasons:
#   The system is out of physical RAM or swap space
#   In 32 bit mode, the process size limit was hit
# Possible solutions:
#   Reduce memory load on the system
#   Increase physical memory or swap space
#   Check if swap backing store is full
#   Use 64 bit Java on a 64 bit OS
#   Decrease Java heap size (-Xmx/-Xms)
#   Decrease number of Java threads
#   Decrease Java thread stack sizes (-Xss)
#   Set larger code cache with -XX:ReservedCodeCacheSize=
# This output file may be truncated or incomplete.
#
#  Out of Memory Error (allocation.cpp:390), pid=13124, tid=0x00000000000012c0
#
# JRE version: OpenJDK Runtime Environment (8.0_152-b01) (build 1.8.0_152-release-915-b01)
# Java VM: OpenJDK 64-Bit Server VM (25.152-b01 mixed mode windows-amd64 compressed oops)
# Failed to write core dump. Minidumps are not enabled by default on client versions of Windows
#

---------------  T H R E A D  ---------------

Current thread (0x0000000017e5c000):  JavaThread "C2 CompilerThread1" daemon [_thread_in_native, id=4800, stack(0x0000000019660000,0x0000000019760000)]

Stack: [0x0000000019660000,0x0000000019760000]
[error occurred during error reporting (printing stack bounds), id 0xc0000005]

Native frames: (J=compiled Java code, j=interpreted, Vv=VM code, C=native code)


Current CompileTask:
C2:  86350 12271 %     4       com.sun.tools.javac.file.ZipFileIndex$ZipDirectory::readEntry @ 102 (587 bytes)


---------------  P R O C E S S  ---------------

Java Threads: ( => current thread )
  0x000000001cae6800 JavaThread "Cache worker for Java compile cache (C:\Users\Susan Chen\Documents\Projects\hack-the-valley-android\.gradle\4.1\javaCompile)" [_thread_blocked, id=11816, stack(0x0000000029a70000,0x0000000029b70000)]
  0x0000000019877000 JavaThread "Task worker for ':' Thread 3" [_thread_in_native, id=8976, stack(0x0000000028c70000,0x0000000028d70000)]
  0x0000000019876000 JavaThread "Task worker for ':' Thread 2" [_thread_blocked, id=2624, stack(0x0000000028b70000,0x0000000028c70000)]
  0x0000000019875800 JavaThread "Task worker for ':'" [_thread_blocked, id=10912, stack(0x0000000028a70000,0x0000000028b70000)]
  0x000000001986e000 JavaThread "Cache worker for task history cache (C:\Users\Susan Chen\Documents\Projects\hack-the-valley-android\.gradle\4.1\taskHistory)" [_thread_blocked, id=13264, stack(0x0000000028970000,0x0000000028a70000)]
  0x0000000019873000 JavaThread "Cache worker for file content cache (C:\Users\Susan Chen\Documents\Projects\hack-the-valley-android\.gradle\4.1\fileContent)" [_thread_blocked, id=4268, stack(0x0000000028870000,0x0000000028970000)]
  0x0000000019874800 JavaThread "build operations Thread 4" [_thread_blocked, id=11636, stack(0x0000000028770000,0x0000000028870000)]
  0x000000001986d000 JavaThread "build operations Thread 3" [_thread_blocked, id=7240, stack(0x0000000028670000,0x0000000028770000)]
  0x0000000019871800 JavaThread "build operations Thread 2" [_thread_blocked, id=5420, stack(0x0000000028570000,0x0000000028670000)]
  0x0000000019871000 JavaThread "build operations" [_thread_blocked, id=5256, stack(0x0000000028470000,0x0000000028570000)]
  0x0000000019872800 JavaThread "Cache worker for Artifact transforms cache (C:\Users\Susan Chen\.gradle\caches\transforms-1)" [_thread_blocked, id=1308, stack(0x0000000028370000,0x0000000028470000)]
  0x0000000019874000 JavaThread "Cache worker for file hash cache (C:\Users\Susan Chen\Documents\Projects\hack-the-valley-android\.gradle\4.1\fileHashes)" [_thread_blocked, id=13132, stack(0x0000000028270000,0x0000000028370000)]
  0x000000001986e800 JavaThread "Stdin handler" [_thread_blocked, id=2332, stack(0x0000000028170000,0x0000000028270000)]
  0x000000001986b800 JavaThread "Asynchronous log dispatcher for DefaultDaemonConnection: socket connection from /127.0.0.1:62273 to /127.0.0.1:62317" [_thread_blocked, id=9612, stack(0x0000000028070000,0x0000000028170000)]
  0x000000001986c800 JavaThread "Cancel handler" [_thread_blocked, id=5212, stack(0x0000000027f70000,0x0000000028070000)]
  0x000000001986b000 JavaThread "Handler for socket connection from /127.0.0.1:62273 to /127.0.0.1:62317" [_thread_in_native, id=7932, stack(0x0000000027e70000,0x0000000027f70000)]
  0x0000000020555800 JavaThread "Java2D Disposer" daemon [_thread_blocked, id=14068, stack(0x0000000026070000,0x0000000026170000)]
  0x0000000020554000 JavaThread "Worker Daemon Execution Thread 7" [_thread_blocked, id=8700, stack(0x0000000025f70000,0x0000000026070000)]
  0x0000000020552800 JavaThread "Worker Daemon Execution Thread 6" [_thread_blocked, id=12532, stack(0x0000000025e70000,0x0000000025f70000)]
  0x0000000020550800 JavaThread "Worker Daemon Execution Thread 5" [_thread_blocked, id=8796, stack(0x0000000025d70000,0x0000000025e70000)]
  0x0000000020553800 JavaThread "Worker Daemon Execution Thread 4" [_thread_blocked, id=13040, stack(0x0000000025c70000,0x0000000025d70000)]
  0x000000001caef800 JavaThread "Worker Daemon Execution Thread 3" [_thread_blocked, id=2788, stack(0x0000000025b70000,0x0000000025c70000)]
  0x000000001caeb000 JavaThread "Worker Daemon Execution Thread 2" [_thread_blocked, id=2236, stack(0x0000000025a70000,0x0000000025b70000)]
  0x000000001caed000 JavaThread "Worker Daemon Execution" [_thread_blocked, id=4796, stack(0x0000000025970000,0x0000000025a70000)]
  0x0000000020555000 JavaThread "Memory manager" [_thread_blocked, id=8128, stack(0x00000000227d0000,0x00000000228d0000)]
  0x000000001b028000 JavaThread "File lock request listener" [_thread_in_native, id=12796, stack(0x000000001c8b0000,0x000000001c9b0000)]
  0x000000001b026000 JavaThread "Cache worker for file hash cache (C:\Users\Susan Chen\.gradle\caches\4.1\fileHashes)" [_thread_blocked, id=14268, stack(0x000000001c7b0000,0x000000001c8b0000)]
  0x000000001af35800 JavaThread "Daemon worker" [_thread_blocked, id=8196, stack(0x000000001c4b0000,0x000000001c5b0000)]
  0x000000001aefc000 JavaThread "Daemon" [_thread_blocked, id=10104, stack(0x000000001bfb0000,0x000000001c0b0000)]
  0x000000001aee9000 JavaThread "Daemon periodic checks" [_thread_blocked, id=1876, stack(0x000000001beb0000,0x000000001bfb0000)]
  0x000000001ad2b800 JavaThread "Incoming local TCP Connector on port 62273" [_thread_in_native, id=12348, stack(0x000000001bc70000,0x000000001bd70000)]
  0x0000000019864800 JavaThread "Service Thread" daemon [_thread_blocked, id=2008, stack(0x0000000019c60000,0x0000000019d60000)]
  0x000000000448a800 JavaThread "C1 CompilerThread2" daemon [_thread_blocked, id=11088, stack(0x0000000019760000,0x0000000019860000)]
=>0x0000000017e5c000 JavaThread "C2 CompilerThread1" daemon [_thread_in_native, id=4800, stack(0x0000000019660000,0x0000000019760000)]
  0x0000000017dff800 JavaThread "C2 CompilerThread0" daemon [_thread_blocked, id=9912, stack(0x0000000019560000,0x0000000019660000)]
  0x0000000017e0b800 JavaThread "Attach Listener" daemon [_thread_blocked, id=7156, stack(0x0000000019460000,0x0000000019560000)]
  0x0000000017e0a800 JavaThread "Signal Dispatcher" daemon [_thread_blocked, id=13848, stack(0x0000000019360000,0x0000000019460000)]
  0x0000000004486800 JavaThread "Finalizer" daemon [_thread_blocked, id=6456, stack(0x0000000019070000,0x0000000019170000)]
  0x0000000004481000 JavaThread "Reference Handler" daemon [_thread_blocked, id=11420, stack(0x0000000018f70000,0x0000000019070000)]
  0x000000000427e800 JavaThread "main" [_thread_blocked, id=456, stack(0x0000000004290000,0x0000000004390000)]

Other Threads:
  0x0000000017dc4800 VMThread [stack: 0x0000000018e70000,0x0000000018f70000] [id=11092]
  0x0000000019865000 WatcherThread [stack: 0x0000000019d60000,0x0000000019e60000] [id=5304]

VM state:not at safepoint (normal execution)

VM Mutex/Monitor currently owned by a thread: None

Heap:
 PSYoungGen      total 193536K, used 137179K [0x00000000e0000000, 0x00000000ed280000, 0x0000000100000000)
  eden space 172032K, 76% used [0x00000000e0000000,0x00000000e80fdee8,0x00000000ea800000)
  from space 21504K, 23% used [0x00000000ebd00000,0x00000000ec1f90d8,0x00000000ed200000)
  to   space 21504K, 0% used [0x00000000ea800000,0x00000000ea800000,0x00000000ebd00000)
 ParOldGen       total 162816K, used 51128K [0x00000000a0000000, 0x00000000a9f00000, 0x00000000e0000000)
  object space 162816K, 31% used [0x00000000a0000000,0x00000000a31ee138,0x00000000a9f00000)
 Metaspace       used 71007K, capacity 74268K, committed 74388K, reserved 1114112K
  class space    used 9291K, capacity 10076K, committed 10172K, reserved 1048576K

Card table byte_map: [0x0000000013850000,0x0000000013b60000] byte_map_base: 0x0000000013350000

Marking Bits: (ParMarkBitMap*) 0x0000000068253950
 Begin Bits: [0x0000000014160000, 0x0000000015960000)
 End Bits:   [0x0000000015960000, 0x0000000017160000)

Polling page: 0x00000000001f0000

CodeCache: size=245760Kb used=33485Kb max_used=33497Kb free=212274Kb
 bounds [0x0000000004490000, 0x0000000006570000, 0x0000000013490000]
 total_blobs=11179 nmethods=10256 adapters=835
 compilation: enabled

Compilation events (10 events):
Event: 86.297 Thread 0x000000000448a800 nmethod 12410 0x0000000006564d50 code [0x0000000006564ea0, 0x0000000006564ff0]
Event: 86.302 Thread 0x000000000448a800 12411       3       com.sun.tools.javac.jvm.ClassReader$3::read (55 bytes)
Event: 86.303 Thread 0x000000000448a800 nmethod 12411 0x0000000006566bd0 code [0x0000000006566d40, 0x00000000065670a8]
Event: 86.303 Thread 0x000000000448a800 12412       3       com.sun.tools.javac.jvm.ClassReader::sigToTypes (50 bytes)
Event: 86.305 Thread 0x0000000017dff800 12413       4       com.sun.tools.javac.jvm.ClassReader::nextInt (93 bytes)
Event: 86.305 Thread 0x000000000448a800 nmethod 12412 0x0000000006565cd0 code [0x0000000006565ec0, 0x00000000065666d8]
Event: 86.309 Thread 0x0000000017dff800 nmethod 12413 0x00000000065680d0 code [0x0000000006568200, 0x0000000006568318]
Event: 86.310 Thread 0x0000000017dff800 12414       4       com.sun.tools.javac.code.Scope::getIndex (101 bytes)
Event: 86.310 Thread 0x000000000448a800 12415       3       com.sun.tools.javac.code.Types::isSignaturePolymorphic (117 bytes)
Event: 86.312 Thread 0x000000000448a800 nmethod 12415 0x000000000656a090 code [0x000000000656a280, 0x000000000656acc8]

GC Heap History (10 events):
Event: 16.000 GC heap before
{Heap before GC invocations=15 (full 2):
 PSYoungGen      total 140288K, used 118966K [0x00000000e0000000, 0x00000000ebd00000, 0x0000000100000000)
  eden space 125440K, 83% used [0x00000000e0000000,0x00000000e65b57d8,0x00000000e7a80000)
  from space 14848K, 99% used [0x00000000e8e00000,0x00000000e9c78200,0x00000000e9c80000)
  to   space 19968K, 0% used [0x00000000e7a80000,0x00000000e7a80000,0x00000000e8e00000)
 ParOldGen       total 95744K, used 28444K [0x00000000a0000000, 0x00000000a5d80000, 0x00000000e0000000)
  object space 95744K, 29% used [0x00000000a0000000,0x00000000a1bc73d0,0x00000000a5d80000)
 Metaspace       used 56637K, capacity 58948K, committed 59028K, reserved 1099776K
  class space    used 7741K, capacity 8362K, committed 8380K, reserved 1048576K
Event: 16.033 GC heap after
Heap after GC invocations=15 (full 2):
 PSYoungGen      total 145408K, used 12007K [0x00000000e0000000, 0x00000000ec500000, 0x0000000100000000)
  eden space 125440K, 0% used [0x00000000e0000000,0x00000000e0000000,0x00000000e7a80000)
  from space 19968K, 60% used [0x00000000e7a80000,0x00000000e8639f18,0x00000000e8e00000)
  to   space 19968K, 0% used [0x00000000eb180000,0x00000000eb180000,0x00000000ec500000)
 ParOldGen       total 95744K, used 43270K [0x00000000a0000000, 0x00000000a5d80000, 0x00000000e0000000)
  object space 95744K, 45% used [0x00000000a0000000,0x00000000a2a41928,0x00000000a5d80000)
 Metaspace       used 56637K, capacity 58948K, committed 59028K, reserved 1099776K
  class space    used 7741K, capacity 8362K, committed 8380K, reserved 1048576K
}
Event: 16.033 GC heap before
{Heap before GC invocations=16 (full 3):
 PSYoungGen      total 145408K, used 12007K [0x00000000e0000000, 0x00000000ec500000, 0x0000000100000000)
  eden space 125440K, 0% used [0x00000000e0000000,0x00000000e0000000,0x00000000e7a80000)
  from space 19968K, 60% used [0x00000000e7a80000,0x00000000e8639f18,0x00000000e8e00000)
  to   space 19968K, 0% used [0x00000000eb180000,0x00000000eb180000,0x00000000ec500000)
 ParOldGen       total 95744K, used 43270K [0x00000000a0000000, 0x00000000a5d80000, 0x00000000e0000000)
  object space 95744K, 45% used [0x00000000a0000000,0x00000000a2a41928,0x00000000a5d80000)
 Metaspace       used 56637K, capacity 58948K, committed 59028K, reserved 1099776K
  class space    used 7741K, capacity 8362K, committed 8380K, reserved 1048576K
Event: 16.377 GC heap after
Heap after GC invocations=16 (full 3):
 PSYoungGen      total 145408K, used 0K [0x00000000e0000000, 0x00000000ec500000, 0x0000000100000000)
  eden space 125440K, 0% used [0x00000000e0000000,0x00000000e0000000,0x00000000e7a80000)
  from space 19968K, 0% used [0x00000000e7a80000,0x00000000e7a80000,0x00000000e8e00000)
  to   space 19968K, 0% used [0x00000000eb180000,0x00000000eb180000,0x00000000ec500000)
 ParOldGen       total 162816K, used 46826K [0x00000000a0000000, 0x00000000a9f00000, 0x00000000e0000000)
  object space 162816K, 28% used [0x00000000a0000000,0x00000000a2dba8f0,0x00000000a9f00000)
 Metaspace       used 56637K, capacity 58948K, committed 59028K, reserved 1099776K
  class space    used 7741K, capacity 8362K, committed 8380K, reserved 1048576K
}
Event: 26.159 GC heap before
{Heap before GC invocations=17 (full 3):
 PSYoungGen      total 145408K, used 125440K [0x00000000e0000000, 0x00000000ec500000, 0x0000000100000000)
  eden space 125440K, 100% used [0x00000000e0000000,0x00000000e7a80000,0x00000000e7a80000)
  from space 19968K, 0% used [0x00000000e7a80000,0x00000000e7a80000,0x00000000e8e00000)
  to   space 19968K, 0% used [0x00000000eb180000,0x00000000eb180000,0x00000000ec500000)
 ParOldGen       total 162816K, used 46826K [0x00000000a0000000, 0x00000000a9f00000, 0x00000000e0000000)
  object space 162816K, 28% used [0x00000000a0000000,0x00000000a2dba8f0,0x00000000a9f00000)
 Metaspace       used 60680K, capacity 63336K, committed 63636K, reserved 1103872K
  class space    used 8133K, capacity 8802K, committed 8892K, reserved 1048576K
Event: 26.179 GC heap after
Heap after GC invocations=17 (full 3):
 PSYoungGen      total 158208K, used 9070K [0x00000000e0000000, 0x00000000eba80000, 0x0000000100000000)
  eden space 148992K, 0% used [0x00000000e0000000,0x00000000e0000000,0x00000000e9180000)
  from space 9216K, 98% used [0x00000000eb180000,0x00000000eba5b958,0x00000000eba80000)
  to   space 18944K, 0% used [0x00000000e9580000,0x00000000e9580000,0x00000000ea800000)
 ParOldGen       total 162816K, used 46834K [0x00000000a0000000, 0x00000000a9f00000, 0x00000000e0000000)
  object space 162816K, 28% used [0x00000000a0000000,0x00000000a2dbc8f0,0x00000000a9f00000)
 Metaspace       used 60680K, capacity 63336K, committed 63636K, reserved 1103872K
  class space    used 8133K, capacity 8802K, committed 8892K, reserved 1048576K
}
Event: 43.128 GC heap before
{Heap before GC invocations=18 (full 3):
 PSYoungGen      total 158208K, used 158062K [0x00000000e0000000, 0x00000000eba80000, 0x0000000100000000)
  eden space 148992K, 100% used [0x00000000e0000000,0x00000000e9180000,0x00000000e9180000)
  from space 9216K, 98% used [0x00000000eb180000,0x00000000eba5b958,0x00000000eba80000)
  to   space 18944K, 0% used [0x00000000e9580000,0x00000000e9580000,0x00000000ea800000)
 ParOldGen       total 162816K, used 46834K [0x00000000a0000000, 0x00000000a9f00000, 0x00000000e0000000)
  object space 162816K, 28% used [0x00000000a0000000,0x00000000a2dbc8f0,0x00000000a9f00000)
 Metaspace       used 64547K, capacity 67382K, committed 67604K, reserved 1107968K
  class space    used 8523K, capacity 9249K, committed 9276K, reserved 1048576K
Event: 43.149 GC heap after
Heap after GC invocations=18 (full 3):
 PSYoungGen      total 172032K, used 18926K [0x00000000e0000000, 0x00000000ed200000, 0x0000000100000000)
  eden space 153088K, 0% used [0x00000000e0000000,0x00000000e0000000,0x00000000e9580000)
  from space 18944K, 99% used [0x00000000e9580000,0x00000000ea7fbaf0,0x00000000ea800000)
  to   space 21504K, 0% used [0x00000000ebd00000,0x00000000ebd00000,0x00000000ed200000)
 ParOldGen       total 162816K, used 47575K [0x00000000a0000000, 0x00000000a9f00000, 0x00000000e0000000)
  object space 162816K, 29% used [0x00000000a0000000,0x00000000a2e75fd0,0x00000000a9f00000)
 Metaspace       used 64547K, capacity 67382K, committed 67604K, reserved 1107968K
  class space    used 8523K, capacity 9249K, committed 9276K, reserved 1048576K
}
Event: 71.813 GC heap before
{Heap before GC invocations=19 (full 3):
 PSYoungGen      total 172032K, used 172014K [0x00000000e0000000, 0x00000000ed200000, 0x0000000100000000)
  eden space 153088K, 100% used [0x00000000e0000000,0x00000000e9580000,0x00000000e9580000)
  from space 18944K, 99% used [0x00000000e9580000,0x00000000ea7fbaf0,0x00000000ea800000)
  to   space 21504K, 0% used [0x00000000ebd00000,0x00000000ebd00000,0x00000000ed200000)
 ParOldGen       total 162816K, used 47575K [0x00000000a0000000, 0x00000000a9f00000, 0x00000000e0000000)
  object space 162816K, 29% used [0x00000000a0000000,0x00000000a2e75fd0,0x00000000a9f00000)
 Metaspace       used 66415K, capacity 69588K, committed 69780K, reserved 1110016K
  class space    used 8748K, capacity 9564K, committed 9660K, reserved 1048576K
Event: 71.842 GC heap after
Heap after GC invocations=19 (full 3):
 PSYoungGen      total 193536K, used 5092K [0x00000000e0000000, 0x00000000ed280000, 0x0000000100000000)
  eden space 172032K, 0% used [0x00000000e0000000,0x00000000e0000000,0x00000000ea800000)
  from space 21504K, 23% used [0x00000000ebd00000,0x00000000ec1f90d8,0x00000000ed200000)
  to   space 21504K, 0% used [0x00000000ea800000,0x00000000ea800000,0x00000000ebd00000)
 ParOldGen       total 162816K, used 51128K [0x00000000a0000000, 0x00000000a9f00000, 0x00000000e0000000)
  object space 162816K, 31% used [0x00000000a0000000,0x00000000a31ee138,0x00000000a9f00000)
 Metaspace       used 66415K, capacity 69588K, committed 69780K, reserved 1110016K
  class space    used 8748K, capacity 9564K, committed 9660K, reserved 1048576K
}

Deoptimization events (10 events):
Event: 84.546 Thread 0x0000000019877000 Uncommon trap: reason=unstable_if action=reinterpret pc=0x000000000536c7a8 method=java.lang.StringCoding$StringDecoder.decode([BII)[C @ 20
Event: 84.939 Thread 0x0000000019877000 Uncommon trap: reason=unstable_if action=reinterpret pc=0x00000000064c087c method=com.sun.tools.javac.util.Name$Table.equals([BI[BII)Z @ 22
Event: 84.980 Thread 0x0000000019877000 Uncommon trap: reason=unstable_if action=reinterpret pc=0x0000000006444388 method=com.sun.tools.javac.parser.UnicodeReader.scanChar()V @ 37
Event: 85.135 Thread 0x0000000019877000 Uncommon trap: reason=unstable_if action=reinterpret pc=0x00000000064d1618 method=com.sun.tools.javac.util.Position$LineMapImpl.build([CI)V @ 42
Event: 85.135 Thread 0x0000000019877000 Uncommon trap: reason=unstable_if action=reinterpret pc=0x00000000064cb0d4 method=com.sun.tools.javac.util.Position$LineMapImpl.build([CI)V @ 42
Event: 85.401 Thread 0x0000000019877000 Uncommon trap: reason=bimorphic action=maybe_recompile pc=0x0000000005ec5c98 method=java.util.Collections.indexedBinarySearch(Ljava/util/List;Ljava/lang/Object;)I @ 39
Event: 85.753 Thread 0x0000000019877000 Uncommon trap: reason=bimorphic action=maybe_recompile pc=0x0000000005ec5c98 method=java.util.Collections.indexedBinarySearch(Ljava/util/List;Ljava/lang/Object;)I @ 39
Event: 85.753 Thread 0x0000000019877000 Uncommon trap: reason=bimorphic action=maybe_recompile pc=0x0000000005ec5c98 method=java.util.Collections.indexedBinarySearch(Ljava/util/List;Ljava/lang/Object;)I @ 39
Event: 85.753 Thread 0x0000000019877000 Uncommon trap: reason=bimorphic action=maybe_recompile pc=0x0000000005ec5c98 method=java.util.Collections.indexedBinarySearch(Ljava/util/List;Ljava/lang/Object;)I @ 39
Event: 85.753 Thread 0x0000000019877000 Uncommon trap: reason=bimorphic action=maybe_recompile pc=0x0000000005621660 method=java.util.Collections.indexedBinarySearch(Ljava/util/List;Ljava/lang/Object;)I @ 39

Classes redefined (0 events):
No events

Internal exceptions (10 events):
Event: 72.271 Thread 0x000000001af35800 Exception <a 'sun/nio/fs/WindowsException'> (0x00000000e07c4428) thrown at [D:\src\AOSP-openjdk-cygwin\jdk8u\hotspot\src\share\vm\prims\jni.cpp, line 709]
Event: 72.272 Thread 0x000000001af35800 Exception <a 'sun/nio/fs/WindowsException'> (0x00000000e07c5008) thrown at [D:\src\AOSP-openjdk-cygwin\jdk8u\hotspot\src\share\vm\prims\jni.cpp, line 709]
Event: 72.272 Thread 0x000000001af35800 Exception <a 'sun/nio/fs/WindowsException'> (0x00000000e07c7a88) thrown at [D:\src\AOSP-openjdk-cygwin\jdk8u\hotspot\src\share\vm\prims\jni.cpp, line 709]
Event: 72.272 Thread 0x000000001af35800 Exception <a 'sun/nio/fs/WindowsException'> (0x00000000e07c8698) thrown at [D:\src\AOSP-openjdk-cygwin\jdk8u\hotspot\src\share\vm\prims\jni.cpp, line 709]
Event: 72.272 Thread 0x000000001af35800 Exception <a 'sun/nio/fs/WindowsException'> (0x00000000e07ca2d8) thrown at [D:\src\AOSP-openjdk-cygwin\jdk8u\hotspot\src\share\vm\prims\jni.cpp, line 709]
Event: 72.272 Thread 0x000000001af35800 Exception <a 'sun/nio/fs/WindowsException'> (0x00000000e07caf28) thrown at [D:\src\AOSP-openjdk-cygwin\jdk8u\hotspot\src\share\vm\prims\jni.cpp, line 709]
Event: 72.272 Thread 0x000000001af35800 Exception <a 'sun/nio/fs/WindowsException'> (0x00000000e07cdb78) thrown at [D:\src\AOSP-openjdk-cygwin\jdk8u\hotspot\src\share\vm\prims\jni.cpp, line 709]
Event: 72.272 Thread 0x000000001af35800 Exception <a 'sun/nio/fs/WindowsException'> (0x00000000e07ce800) thrown at [D:\src\AOSP-openjdk-cygwin\jdk8u\hotspot\src\share\vm\prims\jni.cpp, line 709]
Event: 72.273 Thread 0x000000001af35800 Exception <a 'sun/nio/fs/WindowsException'> (0x00000000e07d04b8) thrown at [D:\src\AOSP-openjdk-cygwin\jdk8u\hotspot\src\share\vm\prims\jni.cpp, line 709]
Event: 72.273 Thread 0x000000001af35800 Exception <a 'sun/nio/fs/WindowsException'> (0x00000000e07d1180) thrown at [D:\src\AOSP-openjdk-cygwin\jdk8u\hotspot\src\share\vm\prims\jni.cpp, line 709]

Events (10 events):
Event: 86.177 loading class com/sun/tools/javac/jvm/ClassReader$AnnotationCompleter
Event: 86.177 loading class com/sun/tools/javac/jvm/ClassReader$AnnotationCompleter done
Event: 86.178 loading class com/sun/tools/javac/jvm/ClassReader$AnnotationDeproxy
Event: 86.178 loading class com/sun/tools/javac/jvm/ClassReader$AnnotationDeproxy done
Event: 86.178 loading class com/sun/tools/javac/jvm/ClassReader$ProxyVisitor
Event: 86.178 loading class com/sun/tools/javac/jvm/ClassReader$ProxyVisitor done
Event: 86.196 loading class com/sun/tools/javac/code/BoundKind
Event: 86.196 loading class com/sun/tools/javac/code/BoundKind done
Event: 86.232 loading class com/sun/tools/javac/code/Type$ArrayType$1
Event: 86.232 loading class com/sun/tools/javac/code/Type$ArrayType$1 done


Dynamic libraries:
0x00007ff6a1040000 - 0x00007ff6a1071000 	C:\Program Files\Android\Android Studio\jre\bin\java.exe
0x00007ffe0ec30000 - 0x00007ffe0ee10000 	C:\WINDOWS\SYSTEM32\ntdll.dll
0x00007ffe0dc80000 - 0x00007ffe0dd2e000 	C:\WINDOWS\System32\KERNEL32.DLL
0x00007ffe0bb20000 - 0x00007ffe0bd86000 	C:\WINDOWS\System32\KERNELBASE.dll
0x00007ffe0e1f0000 - 0x00007ffe0e291000 	C:\WINDOWS\System32\ADVAPI32.dll
0x00007ffe0e790000 - 0x00007ffe0e82d000 	C:\WINDOWS\System32\msvcrt.dll
0x00007ffe0e190000 - 0x00007ffe0e1eb000 	C:\WINDOWS\System32\sechost.dll
0x00007ffe0e070000 - 0x00007ffe0e18f000 	C:\WINDOWS\System32\RPCRT4.dll
0x00007ffe0e8a0000 - 0x00007ffe0ea2f000 	C:\WINDOWS\System32\USER32.dll
0x00007ffe0bab0000 - 0x00007ffe0bad0000 	C:\WINDOWS\System32\win32u.dll
0x00007ffe0db00000 - 0x00007ffe0db28000 	C:\WINDOWS\System32\GDI32.dll
0x00007ffe0bd90000 - 0x00007ffe0bf23000 	C:\WINDOWS\System32\gdi32full.dll
0x00007ffe0c060000 - 0x00007ffe0c0fb000 	C:\WINDOWS\System32\msvcp_win.dll
0x00007ffe0b030000 - 0x00007ffe0b126000 	C:\WINDOWS\System32\ucrtbase.dll
0x00007ffdf8f90000 - 0x00007ffdf91f9000 	C:\WINDOWS\WinSxS\amd64_microsoft.windows.common-controls_6595b64144ccf1df_6.0.16299.125_none_15cbcf8893620c09\COMCTL32.dll
0x00007ffe0c100000 - 0x00007ffe0c408000 	C:\WINDOWS\System32\combase.dll
0x00007ffe0bfe0000 - 0x00007ffe0c052000 	C:\WINDOWS\System32\bcryptPrimitives.dll
0x00007ffe0ebd0000 - 0x00007ffe0ebfd000 	C:\WINDOWS\System32\IMM32.DLL
0x00000000678d0000 - 0x00000000679a2000 	C:\Program Files\Android\Android Studio\jre\jre\bin\msvcr100.dll
0x0000000067a90000 - 0x00000000682ce000 	C:\Program Files\Android\Android Studio\jre\jre\bin\server\jvm.dll
0x00007ffe0deb0000 - 0x00007ffe0deb8000 	C:\WINDOWS\System32\PSAPI.DLL
0x00007ffdf7690000 - 0x00007ffdf7699000 	C:\WINDOWS\SYSTEM32\WSOCK32.dll
0x00007ffe0e830000 - 0x00007ffe0e89c000 	C:\WINDOWS\System32\WS2_32.dll
0x00007ffe07e00000 - 0x00007ffe07e23000 	C:\WINDOWS\SYSTEM32\WINMM.dll
0x00007ffdfbdc0000 - 0x00007ffdfbdca000 	C:\WINDOWS\SYSTEM32\VERSION.dll
0x00007ffe07d70000 - 0x00007ffe07d9a000 	C:\WINDOWS\SYSTEM32\WINMMBASE.dll
0x00007ffe0bad0000 - 0x00007ffe0bb1a000 	C:\WINDOWS\System32\cfgmgr32.dll
0x00007ffe07fb0000 - 0x00007ffe07fbf000 	C:\Program Files\Android\Android Studio\jre\jre\bin\verify.dll
0x00007ffe02840000 - 0x00007ffe02869000 	C:\Program Files\Android\Android Studio\jre\jre\bin\java.dll
0x00007ffe03120000 - 0x00007ffe03136000 	C:\Program Files\Android\Android Studio\jre\jre\bin\zip.dll
0x00007ffe0c6c0000 - 0x00007ffe0daf6000 	C:\WINDOWS\System32\SHELL32.dll
0x00007ffe0c4a0000 - 0x00007ffe0c546000 	C:\WINDOWS\System32\shcore.dll
0x00007ffe0b130000 - 0x00007ffe0b877000 	C:\WINDOWS\System32\windows.storage.dll
0x00007ffe0c660000 - 0x00007ffe0c6b1000 	C:\WINDOWS\System32\shlwapi.dll
0x00007ffe0aff0000 - 0x00007ffe0b001000 	C:\WINDOWS\System32\kernel.appcore.dll
0x00007ffe0afa0000 - 0x00007ffe0afec000 	C:\WINDOWS\System32\powrprof.dll
0x00007ffe0af80000 - 0x00007ffe0af9b000 	C:\WINDOWS\System32\profapi.dll
0x00007ffe023d0000 - 0x00007ffe023ea000 	C:\Program Files\Android\Android Studio\jre\jre\bin\net.dll
0x00007ffe0a810000 - 0x00007ffe0a876000 	C:\WINDOWS\system32\mswsock.dll
0x00007ffe02170000 - 0x00007ffe02181000 	C:\Program Files\Android\Android Studio\jre\jre\bin\nio.dll
0x00007ffe02060000 - 0x00007ffe0207e000 	C:\Users\Susan Chen\.gradle\native\25\windows-amd64\native-platform.dll
0x00007ffe03160000 - 0x00007ffe0316d000 	C:\Program Files\Android\Android Studio\jre\jre\bin\management.dll
0x00007ffe0a9e0000 - 0x00007ffe0a9f7000 	C:\WINDOWS\SYSTEM32\CRYPTSP.dll
0x00007ffe0a420000 - 0x00007ffe0a453000 	C:\WINDOWS\system32\rsaenh.dll
0x00007ffe0aae0000 - 0x00007ffe0ab05000 	C:\WINDOWS\SYSTEM32\bcrypt.dll
0x00007ffe0ae80000 - 0x00007ffe0aea9000 	C:\WINDOWS\SYSTEM32\USERENV.dll
0x00007ffe0a9d0000 - 0x00007ffe0a9db000 	C:\WINDOWS\SYSTEM32\CRYPTBASE.dll
0x00007ffe0a5a0000 - 0x00007ffe0a5d9000 	C:\WINDOWS\SYSTEM32\IPHLPAPI.DLL
0x00007ffe0dd30000 - 0x00007ffe0dd38000 	C:\WINDOWS\System32\NSI.dll
0x00007ffe051e0000 - 0x00007ffe051f6000 	C:\WINDOWS\SYSTEM32\dhcpcsvc6.DLL
0x00007ffe054a0000 - 0x00007ffe054ba000 	C:\WINDOWS\SYSTEM32\dhcpcsvc.DLL
0x00007ffdd7250000 - 0x00007ffdd73e5000 	C:\Program Files\Android\Android Studio\jre\jre\bin\awt.dll
0x00007ffe0dbb0000 - 0x00007ffe0dc75000 	C:\WINDOWS\System32\OLEAUT32.dll
0x00007ffe08870000 - 0x00007ffe08e28000 	C:\WINDOWS\SYSTEM32\d2d1.dll
0x00007ffe0b880000 - 0x00007ffe0ba4e000 	C:\WINDOWS\System32\CRYPT32.dll
0x00007ffe0b010000 - 0x00007ffe0b022000 	C:\WINDOWS\System32\MSASN1.dll
0x00007ffe09360000 - 0x00007ffe093e8000 	C:\WINDOWS\SYSTEM32\apphelp.dll
0x00007ffe09810000 - 0x00007ffe0983a000 	C:\WINDOWS\system32\DWMAPI.DLL
0x00007ffe09550000 - 0x00007ffe095e5000 	C:\WINDOWS\system32\uxtheme.dll

VM Arguments:
jvm_args: -Xmx1536m -Dfile.encoding=windows-1252 -Duser.country=CA -Duser.language=en -Duser.variant 
java_command: org.gradle.launcher.daemon.bootstrap.GradleDaemon 4.1
java_class_path (initial): C:\Users\Susan Chen\.gradle\wrapper\dists\gradle-4.1-all\bzyivzo6n839fup2jbap0tjew\gradle-4.1\lib\gradle-launcher-4.1.jar
Launcher Type: SUN_STANDARD

Environment Variables:
PATH=C:\ProgramData\Oracle\Java\javapath;C:\WINDOWS\system32;C:\WINDOWS;C:\WINDOWS\System32\Wbem;C:\WINDOWS\System32\WindowsPowerShell\v1.0\;C:\Program Files\Intel\WiFi\bin\;C:\Program Files\Common Files\Intel\WirelessCommon\;C:\Program Files (x86)\GtkSharp\2.12\bin;C:\Program Files (x86)\Skype\Phone\;C:\Program Files\Microsoft SQL Server\130\Tools\Binn\;C:\Program Files\dotnet\;C:\Program Files\Git\cmd;C:\Users\Susan Chen\AppData\Local\Programs\Python\Python36-32\Scripts\;C:\Users\Susan Chen\AppData\Local\Programs\Python\Python36-32\;C:\Users\Susan Chen\AppData\Local\Microsoft\WindowsApps;C:\Users\Susan Chen\AppData\Local\GitHubDesktop\bin;C:\Users\Susan Chen\AppData\Local\Microsoft\WindowsApps;C:\Program Files\Heroku\bin;C:\Program Files\Microsoft VS Code\bin
USERNAME=Susan C
OS=Windows_NT
PROCESSOR_IDENTIFIER=Intel64 Family 6 Model 142 Stepping 9, GenuineIntel



---------------  S Y S T E M  ---------------

OS: Windows 10.0 , 64 bit Build 16299 (10.0.16299.15)

CPU:total 4 (initial active 4) (2 cores per cpu, 2 threads per core) family 6 model 142 stepping 9, cmov, cx8, fxsr, mmx, sse, sse2, sse3, ssse3, sse4.1, sse4.2, popcnt, avx, avx2, aes, clmul, erms, 3dnowpref, lzcnt, ht, tsc, tscinvbit, bmi1, bmi2, adx

Memory: 4k page, physical 8227852k(1087856k free), swap 11504648k(5128k free)

vm_info: OpenJDK 64-Bit Server VM (25.152-b01) for windows-amd64 JRE (1.8.0_152-release-915-b01), built by "builder" with MS VC++ 10.0 (VS2010)

time: Sat Feb 24 09:59:21 2018
elapsed time: 86 seconds (0d 0h 1m 26s)

